<?xml version="1.0" encoding="UTF-8"?>
<testng-results skipped="0" failed="0" total="1" passed="1">
  <reporter-output>
  </reporter-output>
  <suite name="Default suite" duration-ms="18392" started-at="2019-02-17T15:35:22Z" finished-at="2019-02-17T15:35:40Z">
    <groups>
    </groups>
    <test name="Default test" duration-ms="18392" started-at="2019-02-17T15:35:22Z" finished-at="2019-02-17T15:35:40Z">
      <class name="test.ProductTest">
        <test-method status="PASS" signature="beforeClass()[pri:0, instance:test.ProductTest@548b7f67]" name="beforeClass" is-config="true" duration-ms="12882" started-at="2019-02-17T21:05:22Z" finished-at="2019-02-17T21:05:35Z">
          <reporter-output>
          </reporter-output>
        </test-method> <!-- beforeClass -->
        <test-method status="PASS" signature="beforeMethod()[pri:0, instance:test.ProductTest@548b7f67]" name="beforeMethod" is-config="true" duration-ms="5434" started-at="2019-02-17T21:05:35Z" finished-at="2019-02-17T21:05:40Z">
          <reporter-output>
          </reporter-output>
        </test-method> <!-- beforeMethod -->
        <test-method status="PASS" signature="verifyAllProduct()[pri:0, instance:test.ProductTest@548b7f67]" name="verifyAllProduct" duration-ms="48" started-at="2019-02-17T21:05:40Z" finished-at="2019-02-17T21:05:40Z">
          <reporter-output>
          </reporter-output>
        </test-method> <!-- verifyAllProduct -->
        <test-method status="PASS" signature="afterMethod()[pri:0, instance:test.ProductTest@548b7f67]" name="afterMethod" is-config="true" duration-ms="0" started-at="2019-02-17T21:05:40Z" finished-at="2019-02-17T21:05:40Z">
          <reporter-output>
          </reporter-output>
        </test-method> <!-- afterMethod -->
        <test-method status="PASS" signature="afterClass()[pri:0, instance:test.ProductTest@548b7f67]" name="afterClass" is-config="true" duration-ms="0" started-at="2019-02-17T21:05:40Z" finished-at="2019-02-17T21:05:40Z">
          <reporter-output>
          </reporter-output>
        </test-method> <!-- afterClass -->
      </class> <!-- test.ProductTest -->
    </test> <!-- Default test -->
  </suite> <!-- Default suite -->
</testng-results>
